2017-02-28 10:58:06,705 [Worker-1] INFO  o.e.m.c.i.e.AbstractTransferListenerAdapter - Downloaded https://repo.maven.apache.org/maven2/org/apache/maven/plugins/maven-clean-plugin/2.5/maven-clean-plugin-2.5.jar
2017-02-28 10:58:06,719 [Worker-1] WARN  o.e.a.i.i.DefaultUpdateCheckManager - Failed to create parent directories for tracking file /Users/arigarcia/.m2/repository/org/apache/maven/plugins/maven-clean-plugin/2.5/maven-clean-plugin-2.5.jar.lastUpdated
2017-02-28 10:58:06,730 [Worker-1] INFO  o.e.m.c.i.e.AbstractTransferListenerAdapter - Downloaded https://repo.maven.apache.org/maven2/org/apache/maven/plugins/maven-resources-plugin/2.6/maven-resources-plugin-2.6.jar
2017-02-28 10:58:06,730 [Worker-1] WARN  o.e.a.i.i.DefaultUpdateCheckManager - Failed to create parent directories for tracking file /Users/arigarcia/.m2/repository/org/apache/maven/plugins/maven-resources-plugin/2.6/maven-resources-plugin-2.6.jar.lastUpdated
2017-02-28 10:58:06,734 [Worker-1] INFO  o.e.m.c.i.e.AbstractTransferListenerAdapter - Downloaded https://repo.maven.apache.org/maven2/org/apache/maven/plugins/maven-compiler-plugin/3.5.1/maven-compiler-plugin-3.5.1.jar
2017-02-28 10:58:06,734 [Worker-1] WARN  o.e.a.i.i.DefaultUpdateCheckManager - Failed to create parent directories for tracking file /Users/arigarcia/.m2/repository/org/apache/maven/plugins/maven-compiler-plugin/3.5.1/maven-compiler-plugin-3.5.1.jar.lastUpdated
2017-02-28 10:58:06,739 [Worker-1] INFO  o.e.m.c.i.e.AbstractTransferListenerAdapter - Downloaded https://repo.maven.apache.org/maven2/org/apache/maven/plugins/maven-resources-plugin/2.6/maven-resources-plugin-2.6.jar
2017-02-28 10:58:06,739 [Worker-1] WARN  o.e.a.i.i.DefaultUpdateCheckManager - Failed to create parent directories for tracking file /Users/arigarcia/.m2/repository/org/apache/maven/plugins/maven-resources-plugin/2.6/maven-resources-plugin-2.6.jar.lastUpdated
2017-02-28 10:58:06,742 [Worker-1] INFO  o.e.m.c.i.e.AbstractTransferListenerAdapter - Downloaded https://repo.maven.apache.org/maven2/org/apache/maven/plugins/maven-compiler-plugin/3.5.1/maven-compiler-plugin-3.5.1.jar
2017-02-28 10:58:06,742 [Worker-1] WARN  o.e.a.i.i.DefaultUpdateCheckManager - Failed to create parent directories for tracking file /Users/arigarcia/.m2/repository/org/apache/maven/plugins/maven-compiler-plugin/3.5.1/maven-compiler-plugin-3.5.1.jar.lastUpdated
2017-02-28 10:58:06,745 [Worker-1] INFO  o.e.m.c.i.e.AbstractTransferListenerAdapter - Downloaded https://repo.maven.apache.org/maven2/org/apache/maven/plugins/maven-surefire-plugin/2.12.4/maven-surefire-plugin-2.12.4.jar
2017-02-28 10:58:06,746 [Worker-1] WARN  o.e.a.i.i.DefaultUpdateCheckManager - Failed to create parent directories for tracking file /Users/arigarcia/.m2/repository/org/apache/maven/plugins/maven-surefire-plugin/2.12.4/maven-surefire-plugin-2.12.4.jar.lastUpdated
2017-02-28 10:58:06,749 [Worker-1] INFO  o.e.m.c.i.e.AbstractTransferListenerAdapter - Downloaded https://repo.maven.apache.org/maven2/org/apache/maven/plugins/maven-jar-plugin/2.4/maven-jar-plugin-2.4.jar
2017-02-28 10:58:06,749 [Worker-1] WARN  o.e.a.i.i.DefaultUpdateCheckManager - Failed to create parent directories for tracking file /Users/arigarcia/.m2/repository/org/apache/maven/plugins/maven-jar-plugin/2.4/maven-jar-plugin-2.4.jar.lastUpdated
2017-02-28 10:58:06,753 [Worker-1] INFO  o.e.m.c.i.e.AbstractTransferListenerAdapter - Downloaded https://repo.maven.apache.org/maven2/org/apache/maven/plugins/maven-install-plugin/2.4/maven-install-plugin-2.4.jar
2017-02-28 10:58:06,753 [Worker-1] WARN  o.e.a.i.i.DefaultUpdateCheckManager - Failed to create parent directories for tracking file /Users/arigarcia/.m2/repository/org/apache/maven/plugins/maven-install-plugin/2.4/maven-install-plugin-2.4.jar.lastUpdated
2017-02-28 10:58:06,756 [Worker-1] INFO  o.e.m.c.i.e.AbstractTransferListenerAdapter - Downloaded https://repo.maven.apache.org/maven2/org/apache/maven/plugins/maven-deploy-plugin/2.7/maven-deploy-plugin-2.7.jar
2017-02-28 10:58:06,757 [Worker-1] WARN  o.e.a.i.i.DefaultUpdateCheckManager - Failed to create parent directories for tracking file /Users/arigarcia/.m2/repository/org/apache/maven/plugins/maven-deploy-plugin/2.7/maven-deploy-plugin-2.7.jar.lastUpdated
2017-02-28 10:58:06,760 [Worker-1] INFO  o.e.m.c.i.e.AbstractTransferListenerAdapter - Downloaded https://repo.maven.apache.org/maven2/org/apache/maven/plugins/maven-site-plugin/3.3/maven-site-plugin-3.3.jar
2017-02-28 10:58:06,760 [Worker-1] WARN  o.e.a.i.i.DefaultUpdateCheckManager - Failed to create parent directories for tracking file /Users/arigarcia/.m2/repository/org/apache/maven/plugins/maven-site-plugin/3.3/maven-site-plugin-3.3.jar.lastUpdated
2017-02-28 10:58:06,782 [Worker-1] INFO  o.e.m.c.i.e.AbstractTransferListenerAdapter - Downloaded https://repo.maven.apache.org/maven2/org/apache/maven/plugins/maven-compiler-plugin/3.5.1/maven-compiler-plugin-3.5.1.pom
2017-02-28 10:58:06,783 [Worker-1] WARN  o.e.a.i.i.DefaultUpdateCheckManager - Failed to create parent directories for tracking file /Users/arigarcia/.m2/repository/org/apache/maven/plugins/maven-compiler-plugin/3.5.1/maven-compiler-plugin-3.5.1.pom.lastUpdated
2017-02-28 10:58:06,789 [Worker-1] INFO  o.e.m.c.i.e.AbstractTransferListenerAdapter - Downloaded https://repo.maven.apache.org/maven2/org/apache/maven/plugins/maven-compiler-plugin/3.5.1/maven-compiler-plugin-3.5.1.pom
2017-02-28 10:58:06,790 [Worker-1] WARN  o.e.a.i.i.DefaultUpdateCheckManager - Failed to create parent directories for tracking file /Users/arigarcia/.m2/repository/org/apache/maven/plugins/maven-compiler-plugin/3.5.1/maven-compiler-plugin-3.5.1.pom.lastUpdated
2017-02-28 10:58:06,826 [Worker-1] INFO  o.e.m.c.i.l.LifecycleMappingFactory - Using org.eclipse.m2e.jdt.JarLifecycleMapping lifecycle mapping for MavenProject: ag-node-with-docker:ag-node-with-docker:0.0.1-SNAPSHOT @ /Volumes/MacintoshHDExt/ari.aula/ifpb.pod/workspace/ag-node-with-docker/pom.xml.
2017-02-28 10:58:06,960 [Worker-1] INFO  o.e.m.c.i.e.AbstractTransferListenerAdapter - Downloaded https://repo.maven.apache.org/maven2/org/apache/maven/plugins/maven-resources-plugin/2.6/maven-resources-plugin-2.6.pom
2017-02-28 10:58:06,960 [Worker-1] WARN  o.e.a.i.i.DefaultUpdateCheckManager - Failed to create parent directories for tracking file /Users/arigarcia/.m2/repository/org/apache/maven/plugins/maven-resources-plugin/2.6/maven-resources-plugin-2.6.pom.lastUpdated
2017-02-28 10:58:07,211 [Worker-1] INFO  o.e.m.c.i.e.AbstractTransferListenerAdapter - Downloaded https://repo.maven.apache.org/maven2/org/apache/maven/plugins/maven-resources-plugin/2.6/maven-resources-plugin-2.6.pom
2017-02-28 10:58:07,212 [Worker-1] WARN  o.e.a.i.i.DefaultUpdateCheckManager - Failed to create parent directories for tracking file /Users/arigarcia/.m2/repository/org/apache/maven/plugins/maven-resources-plugin/2.6/maven-resources-plugin-2.6.pom.lastUpdated
2017-02-28 10:58:07,237 [Worker-1] ERROR o.e.m.c.u.i.a.EnableNatureAction - Could not calculate build plan: Plugin org.apache.maven.plugins:maven-resources-plugin:2.6 or one of its dependencies could not be resolved: Failed to read artifact descriptor for org.apache.maven.plugins:maven-resources-plugin:jar:2.6
org.eclipse.core.runtime.CoreException: Could not calculate build plan: Plugin org.apache.maven.plugins:maven-resources-plugin:2.6 or one of its dependencies could not be resolved: Failed to read artifact descriptor for org.apache.maven.plugins:maven-resources-plugin:jar:2.6
	at org.eclipse.m2e.core.internal.embedder.MavenImpl.setupMojoExecution(MavenImpl.java:410) ~[na:na]
	at org.eclipse.m2e.core.internal.embedder.MavenImpl$2.call(MavenImpl.java:420) ~[na:na]
	at org.eclipse.m2e.core.internal.embedder.MavenImpl$2.call(MavenImpl.java:1) ~[na:na]
	at org.eclipse.m2e.core.internal.embedder.MavenExecutionContext.executeBare(MavenExecutionContext.java:176) ~[na:na]
	at org.eclipse.m2e.core.internal.embedder.MavenExecutionContext.execute(MavenExecutionContext.java:112) ~[na:na]
	at org.eclipse.m2e.core.internal.embedder.MavenImpl.setupMojoExecution(MavenImpl.java:418) ~[na:na]
	at org.eclipse.m2e.core.internal.project.registry.ProjectRegistryManager.setupMojoExecution(ProjectRegistryManager.java:961) ~[na:na]
	at org.eclipse.m2e.core.internal.project.registry.MavenProjectFacade.getMojoExecution(MavenProjectFacade.java:408) ~[na:na]
	at org.eclipse.m2e.core.project.configurator.AbstractCustomizableLifecycleMapping.getBuildParticipants(AbstractCustomizableLifecycleMapping.java:66) ~[na:na]
	at org.eclipse.m2e.core.project.configurator.AbstractLifecycleMapping.configure(AbstractLifecycleMapping.java:97) ~[na:na]
	at org.eclipse.m2e.core.internal.project.ProjectConfigurationManager$3.call(ProjectConfigurationManager.java:501) ~[na:na]
	at org.eclipse.m2e.core.internal.project.ProjectConfigurationManager$3.call(ProjectConfigurationManager.java:1) ~[na:na]
	at org.eclipse.m2e.core.internal.embedder.MavenExecutionContext.executeBare(MavenExecutionContext.java:176) ~[na:na]
	at org.eclipse.m2e.core.internal.embedder.MavenExecutionContext.execute(MavenExecutionContext.java:151) ~[na:na]
	at org.eclipse.m2e.core.internal.project.ProjectConfigurationManager.updateProjectConfiguration(ProjectConfigurationManager.java:494) ~[na:na]
	at org.eclipse.m2e.core.internal.project.ProjectConfigurationManager.configureNewMavenProjects(ProjectConfigurationManager.java:281) ~[na:na]
	at org.eclipse.m2e.core.internal.project.ProjectConfigurationManager$4.run(ProjectConfigurationManager.java:521) ~[na:na]
	at org.eclipse.m2e.core.internal.embedder.AbstractRunnable.call(AbstractRunnable.java:26) ~[na:na]
	at org.eclipse.m2e.core.internal.embedder.AbstractRunnable.call(AbstractRunnable.java:1) ~[na:na]
	at org.eclipse.m2e.core.internal.embedder.MavenExecutionContext.executeBare(MavenExecutionContext.java:176) ~[na:na]
	at org.eclipse.m2e.core.internal.embedder.MavenExecutionContext.execute(MavenExecutionContext.java:151) ~[na:na]
	at org.eclipse.m2e.core.internal.embedder.MavenExecutionContext.execute(MavenExecutionContext.java:99) ~[na:na]
	at org.eclipse.m2e.core.internal.embedder.MavenImpl.execute(MavenImpl.java:1355) ~[na:na]
	at org.eclipse.m2e.core.internal.project.ProjectConfigurationManager.enableMavenNature(ProjectConfigurationManager.java:518) ~[na:na]
	at org.eclipse.m2e.core.ui.internal.actions.EnableNatureAction$1.run(EnableNatureAction.java:138) ~[org.eclipse.m2e.core.ui_1.7.0.20160603-1933.jar:na]
	at org.eclipse.core.internal.jobs.Worker.run(Worker.java:55) [org.eclipse.core.jobs_3.7.0.v20150330-2103.jar:na]
Caused by: org.apache.maven.plugin.PluginResolutionException: Plugin org.apache.maven.plugins:maven-resources-plugin:2.6 or one of its dependencies could not be resolved: Failed to read artifact descriptor for org.apache.maven.plugins:maven-resources-plugin:jar:2.6
	at org.apache.maven.plugin.internal.DefaultPluginDependenciesResolver.resolve(DefaultPluginDependenciesResolver.java:117) ~[na:na]
	at org.eclipse.m2e.core.internal.project.registry.EclipsePluginDependenciesResolver.resolve(EclipsePluginDependenciesResolver.java:47) ~[na:na]
	at org.apache.maven.plugin.internal.DefaultMavenPluginManager.getPluginDescriptor(DefaultMavenPluginManager.java:179) ~[na:na]
	at org.apache.maven.plugin.internal.DefaultMavenPluginManager.getMojoDescriptor(DefaultMavenPluginManager.java:284) ~[na:na]
	at org.apache.maven.plugin.DefaultBuildPluginManager.getMojoDescriptor(DefaultBuildPluginManager.java:241) ~[na:na]
	at org.apache.maven.lifecycle.internal.DefaultLifecycleExecutionPlanCalculator.setupMojoExecution(DefaultLifecycleExecutionPlanCalculator.java:169) ~[na:na]
	at org.eclipse.m2e.core.internal.embedder.MavenImpl.setupMojoExecution(MavenImpl.java:408) ~[na:na]
	... 25 common frames omitted
Caused by: org.eclipse.aether.resolution.ArtifactDescriptorException: Failed to read artifact descriptor for org.apache.maven.plugins:maven-resources-plugin:jar:2.6
	at org.apache.maven.repository.internal.DefaultArtifactDescriptorReader.loadPom(DefaultArtifactDescriptorReader.java:282) ~[na:na]
	at org.apache.maven.repository.internal.DefaultArtifactDescriptorReader.readArtifactDescriptor(DefaultArtifactDescriptorReader.java:198) ~[na:na]
	at org.eclipse.aether.internal.impl.DefaultRepositorySystem.readArtifactDescriptor(DefaultRepositorySystem.java:287) ~[na:na]
	at org.apache.maven.plugin.internal.DefaultPluginDependenciesResolver.resolve(DefaultPluginDependenciesResolver.java:103) ~[na:na]
	... 31 common frames omitted
Caused by: org.eclipse.aether.resolution.ArtifactResolutionException: Could not transfer artifact org.apache.maven.plugins:maven-resources-plugin:pom:2.6 from/to central (https://repo.maven.apache.org/maven2): NullPointerException
	at org.eclipse.aether.internal.impl.DefaultArtifactResolver.resolve(DefaultArtifactResolver.java:444) ~[na:na]
	at org.eclipse.aether.internal.impl.DefaultArtifactResolver.resolveArtifacts(DefaultArtifactResolver.java:246) ~[na:na]
	at org.eclipse.aether.internal.impl.DefaultArtifactResolver.resolveArtifact(DefaultArtifactResolver.java:223) ~[na:na]
	at org.apache.maven.repository.internal.DefaultArtifactDescriptorReader.loadPom(DefaultArtifactDescriptorReader.java:267) ~[na:na]
	... 34 common frames omitted
Caused by: org.eclipse.aether.transfer.ArtifactTransferException: Could not transfer artifact org.apache.maven.plugins:maven-resources-plugin:pom:2.6 from/to central (https://repo.maven.apache.org/maven2): NullPointerException
	at io.takari.aether.connector.AetherRepositoryConnector$2.wrap(AetherRepositoryConnector.java:895) ~[na:na]
	at io.takari.aether.connector.AetherRepositoryConnector$2.wrap(AetherRepositoryConnector.java:1) ~[na:na]
	at io.takari.aether.connector.AetherRepositoryConnector$GetTask.flush(AetherRepositoryConnector.java:673) ~[na:na]
	at io.takari.aether.connector.AetherRepositoryConnector.get(AetherRepositoryConnector.java:310) ~[na:na]
	at org.eclipse.aether.internal.impl.DefaultArtifactResolver.performDownloads(DefaultArtifactResolver.java:520) ~[na:na]
	at org.eclipse.aether.internal.impl.DefaultArtifactResolver.resolve(DefaultArtifactResolver.java:421) ~[na:na]
	... 37 common frames omitted
Caused by: java.lang.NullPointerException: null
	at io.takari.aether.connector.AetherRepositoryConnector$GetTask.resumableGet(AetherRepositoryConnector.java:571) ~[na:na]
	at io.takari.aether.connector.AetherRepositoryConnector$GetTask.run(AetherRepositoryConnector.java:453) ~[na:na]
	at io.takari.aether.connector.AetherRepositoryConnector.get(AetherRepositoryConnector.java:304) ~[na:na]
	... 39 common frames omitted
2017-02-28 10:58:07,356 [Worker-31] INFO  o.e.m.c.i.e.AbstractTransferListenerAdapter - Downloaded https://repo.maven.apache.org/maven2/org/apache/maven/plugins/maven-resources-plugin/2.6/maven-resources-plugin-2.6.pom
2017-02-28 10:58:07,357 [Worker-31] WARN  o.e.a.i.i.DefaultUpdateCheckManager - Failed to create parent directories for tracking file /Users/arigarcia/.m2/repository/org/apache/maven/plugins/maven-resources-plugin/2.6/maven-resources-plugin-2.6.pom.lastUpdated
2017-02-28 10:58:08,479 [Worker-41] INFO  o.e.m.c.i.e.AbstractTransferListenerAdapter - Downloaded https://repo.maven.apache.org/maven2/org/apache/maven/plugins/maven-resources-plugin/2.6/maven-resources-plugin-2.6.pom
2017-02-28 10:58:08,479 [Worker-41] WARN  o.e.a.i.i.DefaultUpdateCheckManager - Failed to create parent directories for tracking file /Users/arigarcia/.m2/repository/org/apache/maven/plugins/maven-resources-plugin/2.6/maven-resources-plugin-2.6.pom.lastUpdated
2017-02-28 10:59:24,425 [Worker-41] INFO  o.e.m.c.i.e.AbstractTransferListenerAdapter - Downloaded https://repo.maven.apache.org/maven2/org/apache/maven/plugins/maven-resources-plugin/2.6/maven-resources-plugin-2.6.pom
2017-02-28 10:59:24,426 [Worker-41] WARN  o.e.a.i.i.DefaultUpdateCheckManager - Failed to create parent directories for tracking file /Users/arigarcia/.m2/repository/org/apache/maven/plugins/maven-resources-plugin/2.6/maven-resources-plugin-2.6.pom.lastUpdated
2017-02-28 11:00:13,625 [Worker-38] INFO  o.e.m.c.i.e.AbstractTransferListenerAdapter - Downloaded https://repo.maven.apache.org/maven2/org/apache/maven/plugins/maven-clean-plugin/2.5/maven-clean-plugin-2.5.jar
2017-02-28 11:00:13,626 [Worker-38] WARN  o.e.a.i.i.DefaultUpdateCheckManager - Failed to create parent directories for tracking file /Users/arigarcia/.m2/repository/org/apache/maven/plugins/maven-clean-plugin/2.5/maven-clean-plugin-2.5.jar.lastUpdated
2017-02-28 11:00:13,630 [Worker-38] INFO  o.e.m.c.i.e.AbstractTransferListenerAdapter - Downloaded https://repo.maven.apache.org/maven2/org/apache/maven/plugins/maven-resources-plugin/2.6/maven-resources-plugin-2.6.jar
2017-02-28 11:00:13,630 [Worker-38] WARN  o.e.a.i.i.DefaultUpdateCheckManager - Failed to create parent directories for tracking file /Users/arigarcia/.m2/repository/org/apache/maven/plugins/maven-resources-plugin/2.6/maven-resources-plugin-2.6.jar.lastUpdated
2017-02-28 11:00:13,634 [Worker-38] INFO  o.e.m.c.i.e.AbstractTransferListenerAdapter - Downloaded https://repo.maven.apache.org/maven2/org/apache/maven/plugins/maven-compiler-plugin/3.1/maven-compiler-plugin-3.1.jar
2017-02-28 11:00:13,634 [Worker-38] WARN  o.e.a.i.i.DefaultUpdateCheckManager - Failed to create parent directories for tracking file /Users/arigarcia/.m2/repository/org/apache/maven/plugins/maven-compiler-plugin/3.1/maven-compiler-plugin-3.1.jar.lastUpdated
2017-02-28 11:00:13,637 [Worker-38] INFO  o.e.m.c.i.e.AbstractTransferListenerAdapter - Downloaded https://repo.maven.apache.org/maven2/org/apache/maven/plugins/maven-resources-plugin/2.6/maven-resources-plugin-2.6.jar
2017-02-28 11:00:13,638 [Worker-38] WARN  o.e.a.i.i.DefaultUpdateCheckManager - Failed to create parent directories for tracking file /Users/arigarcia/.m2/repository/org/apache/maven/plugins/maven-resources-plugin/2.6/maven-resources-plugin-2.6.jar.lastUpdated
2017-02-28 11:00:13,647 [Worker-38] INFO  o.e.m.c.i.e.AbstractTransferListenerAdapter - Downloaded https://repo.maven.apache.org/maven2/org/apache/maven/plugins/maven-compiler-plugin/3.1/maven-compiler-plugin-3.1.jar
2017-02-28 11:00:13,647 [Worker-38] WARN  o.e.a.i.i.DefaultUpdateCheckManager - Failed to create parent directories for tracking file /Users/arigarcia/.m2/repository/org/apache/maven/plugins/maven-compiler-plugin/3.1/maven-compiler-plugin-3.1.jar.lastUpdated
2017-02-28 11:00:13,651 [Worker-38] INFO  o.e.m.c.i.e.AbstractTransferListenerAdapter - Downloaded https://repo.maven.apache.org/maven2/org/apache/maven/plugins/maven-surefire-plugin/2.12.4/maven-surefire-plugin-2.12.4.jar
2017-02-28 11:00:13,651 [Worker-38] WARN  o.e.a.i.i.DefaultUpdateCheckManager - Failed to create parent directories for tracking file /Users/arigarcia/.m2/repository/org/apache/maven/plugins/maven-surefire-plugin/2.12.4/maven-surefire-plugin-2.12.4.jar.lastUpdated
2017-02-28 11:00:13,654 [Worker-38] INFO  o.e.m.c.i.e.AbstractTransferListenerAdapter - Downloaded https://repo.maven.apache.org/maven2/org/apache/maven/plugins/maven-jar-plugin/2.4/maven-jar-plugin-2.4.jar
2017-02-28 11:00:13,655 [Worker-38] WARN  o.e.a.i.i.DefaultUpdateCheckManager - Failed to create parent directories for tracking file /Users/arigarcia/.m2/repository/org/apache/maven/plugins/maven-jar-plugin/2.4/maven-jar-plugin-2.4.jar.lastUpdated
2017-02-28 11:00:13,660 [Worker-38] INFO  o.e.m.c.i.e.AbstractTransferListenerAdapter - Downloaded https://repo.maven.apache.org/maven2/org/apache/maven/plugins/maven-install-plugin/2.4/maven-install-plugin-2.4.jar
2017-02-28 11:00:13,660 [Worker-38] WARN  o.e.a.i.i.DefaultUpdateCheckManager - Failed to create parent directories for tracking file /Users/arigarcia/.m2/repository/org/apache/maven/plugins/maven-install-plugin/2.4/maven-install-plugin-2.4.jar.lastUpdated
2017-02-28 11:00:13,664 [Worker-38] INFO  o.e.m.c.i.e.AbstractTransferListenerAdapter - Downloaded https://repo.maven.apache.org/maven2/org/apache/maven/plugins/maven-deploy-plugin/2.7/maven-deploy-plugin-2.7.jar
2017-02-28 11:00:13,664 [Worker-38] WARN  o.e.a.i.i.DefaultUpdateCheckManager - Failed to create parent directories for tracking file /Users/arigarcia/.m2/repository/org/apache/maven/plugins/maven-deploy-plugin/2.7/maven-deploy-plugin-2.7.jar.lastUpdated
2017-02-28 11:00:13,669 [Worker-38] INFO  o.e.m.c.i.e.AbstractTransferListenerAdapter - Downloaded https://repo.maven.apache.org/maven2/org/apache/maven/plugins/maven-site-plugin/3.3/maven-site-plugin-3.3.jar
2017-02-28 11:00:13,669 [Worker-38] WARN  o.e.a.i.i.DefaultUpdateCheckManager - Failed to create parent directories for tracking file /Users/arigarcia/.m2/repository/org/apache/maven/plugins/maven-site-plugin/3.3/maven-site-plugin-3.3.jar.lastUpdated
2017-02-28 11:00:13,673 [Worker-38] INFO  o.e.m.c.i.e.AbstractTransferListenerAdapter - Downloaded https://repo.maven.apache.org/maven2/org/apache/maven/plugins/maven-compiler-plugin/3.1/maven-compiler-plugin-3.1.pom
2017-02-28 11:00:13,673 [Worker-38] WARN  o.e.a.i.i.DefaultUpdateCheckManager - Failed to create parent directories for tracking file /Users/arigarcia/.m2/repository/org/apache/maven/plugins/maven-compiler-plugin/3.1/maven-compiler-plugin-3.1.pom.lastUpdated
2017-02-28 11:00:13,676 [Worker-38] INFO  o.e.m.c.i.e.AbstractTransferListenerAdapter - Downloaded https://repo.maven.apache.org/maven2/org/apache/maven/plugins/maven-compiler-plugin/3.1/maven-compiler-plugin-3.1.pom
2017-02-28 11:00:13,676 [Worker-38] WARN  o.e.a.i.i.DefaultUpdateCheckManager - Failed to create parent directories for tracking file /Users/arigarcia/.m2/repository/org/apache/maven/plugins/maven-compiler-plugin/3.1/maven-compiler-plugin-3.1.pom.lastUpdated
2017-02-28 11:00:13,677 [Worker-38] INFO  o.e.m.c.i.l.LifecycleMappingFactory - Using org.eclipse.m2e.jdt.JarLifecycleMapping lifecycle mapping for MavenProject: ag-node:ag.pod.helloworld:0.0.1-SNAPSHOT @ /Volumes/MacintoshHDExt/ari.aula/ifpb.pod/workspace/ag.pod.helloworld/pom.xml.
2017-02-28 11:00:13,707 [Worker-38] INFO  o.e.m.c.i.e.AbstractTransferListenerAdapter - Downloaded https://repo.maven.apache.org/maven2/org/apache/maven/plugins/maven-resources-plugin/2.6/maven-resources-plugin-2.6.pom
2017-02-28 11:00:13,712 [Worker-38] WARN  o.e.a.i.i.DefaultUpdateCheckManager - Failed to create parent directories for tracking file /Users/arigarcia/.m2/repository/org/apache/maven/plugins/maven-resources-plugin/2.6/maven-resources-plugin-2.6.pom.lastUpdated
2017-02-28 11:00:13,749 [Worker-38] INFO  o.e.m.c.i.e.AbstractTransferListenerAdapter - Downloaded https://repo.maven.apache.org/maven2/org/apache/maven/plugins/maven-resources-plugin/2.6/maven-resources-plugin-2.6.pom
2017-02-28 11:00:13,750 [Worker-38] WARN  o.e.a.i.i.DefaultUpdateCheckManager - Failed to create parent directories for tracking file /Users/arigarcia/.m2/repository/org/apache/maven/plugins/maven-resources-plugin/2.6/maven-resources-plugin-2.6.pom.lastUpdated
2017-02-28 11:00:14,002 [Worker-38] INFO  o.e.m.c.i.e.AbstractTransferListenerAdapter - Downloaded https://repo.maven.apache.org/maven2/org/apache/maven/plugins/maven-resources-plugin/2.6/maven-resources-plugin-2.6.pom
2017-02-28 11:00:14,003 [Worker-38] WARN  o.e.a.i.i.DefaultUpdateCheckManager - Failed to create parent directories for tracking file /Users/arigarcia/.m2/repository/org/apache/maven/plugins/maven-resources-plugin/2.6/maven-resources-plugin-2.6.pom.lastUpdated
2017-02-28 11:01:50,291 [Worker-31] INFO  o.e.m.c.i.l.LifecycleMappingFactory - Using org.eclipse.m2e.jdt.JarLifecycleMapping lifecycle mapping for MavenProject: ag-node-with-docker:ag-node-with-docker:0.0.1-SNAPSHOT @ /Volumes/MacintoshHDExt/ari.aula/ifpb.pod/workspace/ag-node-with-docker/pom.xml.
2017-02-28 11:01:50,635 [Worker-31] INFO  o.e.m.c.i.l.LifecycleMappingFactory - Using org.eclipse.m2e.jdt.JarLifecycleMapping lifecycle mapping for MavenProject: ag-node:ag.pod.helloworld:0.0.1-SNAPSHOT @ /Volumes/MacintoshHDExt/ari.aula/ifpb.pod/workspace/ag.pod.helloworld/pom.xml.
2017-02-28 11:01:51,431 [Worker-41] WARN  o.e.m.c.i.embedder.EclipseLogger - Using platform encoding (UTF-8 actually) to copy filtered resources, i.e. build is platform dependent!
2017-02-28 11:01:51,432 [Worker-41] INFO  o.e.m.c.i.embedder.EclipseLogger - skip non existing resourceDirectory /Volumes/MacintoshHDExt/ari.aula/ifpb.pod/workspace/ag-node-with-docker/src/main/resources
2017-02-28 11:01:51,434 [Worker-41] WARN  o.e.m.c.i.embedder.EclipseLogger - Using platform encoding (UTF-8 actually) to copy filtered resources, i.e. build is platform dependent!
2017-02-28 11:01:51,435 [Worker-41] INFO  o.e.m.c.i.embedder.EclipseLogger - skip non existing resourceDirectory /Volumes/MacintoshHDExt/ari.aula/ifpb.pod/workspace/ag-node-with-docker/src/test/resources
2017-02-28 11:01:51,454 [Worker-41] WARN  o.e.m.c.i.embedder.EclipseLogger - Using platform encoding (UTF-8 actually) to copy filtered resources, i.e. build is platform dependent!
2017-02-28 11:01:51,461 [Worker-41] INFO  o.e.m.c.i.embedder.EclipseLogger - Copying 0 resource
2017-02-28 11:01:51,463 [Worker-41] WARN  o.e.m.c.i.embedder.EclipseLogger - Using platform encoding (UTF-8 actually) to copy filtered resources, i.e. build is platform dependent!
2017-02-28 11:01:51,464 [Worker-41] INFO  o.e.m.c.i.embedder.EclipseLogger - Copying 0 resource
2017-02-28 11:02:00,480 [Worker-27] WARN  o.e.m.c.i.embedder.EclipseLogger - Using platform encoding (UTF-8 actually) to copy filtered resources, i.e. build is platform dependent!
2017-02-28 11:02:00,482 [Worker-27] INFO  o.e.m.c.i.embedder.EclipseLogger - skip non existing resourceDirectory /Volumes/MacintoshHDExt/ari.aula/ifpb.pod/workspace/ag-node-with-docker/src/main/resources
2017-02-28 11:02:00,484 [Worker-27] WARN  o.e.m.c.i.embedder.EclipseLogger - Using platform encoding (UTF-8 actually) to copy filtered resources, i.e. build is platform dependent!
2017-02-28 11:02:00,485 [Worker-27] INFO  o.e.m.c.i.embedder.EclipseLogger - skip non existing resourceDirectory /Volumes/MacintoshHDExt/ari.aula/ifpb.pod/workspace/ag-node-with-docker/src/test/resources
2017-02-28 11:02:00,490 [Worker-27] WARN  o.e.m.c.i.embedder.EclipseLogger - Using platform encoding (UTF-8 actually) to copy filtered resources, i.e. build is platform dependent!
2017-02-28 11:02:00,494 [Worker-27] INFO  o.e.m.c.i.embedder.EclipseLogger - Copying 0 resource
2017-02-28 11:02:00,495 [Worker-27] WARN  o.e.m.c.i.embedder.EclipseLogger - Using platform encoding (UTF-8 actually) to copy filtered resources, i.e. build is platform dependent!
2017-02-28 11:02:00,495 [Worker-27] INFO  o.e.m.c.i.embedder.EclipseLogger - Copying 0 resource
2017-02-28 11:02:23,279 [Worker-40] WARN  o.e.m.c.i.embedder.EclipseLogger - Using platform encoding (UTF-8 actually) to copy filtered resources, i.e. build is platform dependent!
2017-02-28 11:02:23,279 [Worker-40] INFO  o.e.m.c.i.embedder.EclipseLogger - Copying 0 resource
2017-02-28 11:02:23,281 [Worker-40] WARN  o.e.m.c.i.embedder.EclipseLogger - Using platform encoding (UTF-8 actually) to copy filtered resources, i.e. build is platform dependent!
2017-02-28 11:02:23,281 [Worker-40] INFO  o.e.m.c.i.embedder.EclipseLogger - Copying 0 resource
2017-02-28 11:04:33,450 [Worker-41] INFO  o.e.m.c.i.l.LifecycleMappingFactory - Using org.eclipse.m2e.jdt.JarLifecycleMapping lifecycle mapping for MavenProject: ag-node:ag.pod.helloworld:0.0.1-SNAPSHOT @ /Volumes/MacintoshHDExt/ari.aula/ifpb.pod/workspace/ag.pod.helloworld/pom.xml.
2017-02-28 11:04:33,583 [Worker-41] WARN  o.e.m.c.i.embedder.EclipseLogger - Using platform encoding (UTF-8 actually) to copy filtered resources, i.e. build is platform dependent!
2017-02-28 11:04:33,585 [Worker-41] INFO  o.e.m.c.i.embedder.EclipseLogger - Copying 0 resource
2017-02-28 11:04:33,587 [Worker-41] WARN  o.e.m.c.i.embedder.EclipseLogger - Using platform encoding (UTF-8 actually) to copy filtered resources, i.e. build is platform dependent!
2017-02-28 11:04:33,588 [Worker-41] INFO  o.e.m.c.i.embedder.EclipseLogger - Copying 0 resource
2017-02-28 11:04:45,967 [Worker-31] INFO  o.e.m.c.i.p.ProjectConfigurationManager - Update started
2017-02-28 11:04:46,254 [Worker-31] INFO  o.e.m.c.i.l.LifecycleMappingFactory - Using org.eclipse.m2e.jdt.JarLifecycleMapping lifecycle mapping for MavenProject: ag-node:ag.pod.helloworld:0.0.1-SNAPSHOT @ /Volumes/MacintoshHDExt/ari.aula/ifpb.pod/workspace/ag.pod.helloworld/pom.xml.
2017-02-28 11:04:46,349 [Worker-31] INFO  o.e.m.j.i.AbstractJavaProjectConfigurator - Adding source folder /ag.pod.helloworld/src/main/java
2017-02-28 11:04:46,353 [Worker-31] INFO  o.e.m.j.i.AbstractJavaProjectConfigurator - Adding resource folder /ag.pod.helloworld/src/main/resources
2017-02-28 11:04:46,354 [Worker-31] INFO  o.e.m.j.i.AbstractJavaProjectConfigurator - Adding source folder /ag.pod.helloworld/src/test/java
2017-02-28 11:04:46,354 [Worker-31] INFO  o.e.m.j.i.AbstractJavaProjectConfigurator - Adding resource folder /ag.pod.helloworld/src/test/resources
2017-02-28 11:04:46,535 [Worker-31] INFO  o.e.m.c.i.p.ProjectConfigurationManager - Update completed: 0 sec
2017-02-28 11:04:46,677 [Worker-40] WARN  o.e.m.c.i.embedder.EclipseLogger - Using platform encoding (UTF-8 actually) to copy filtered resources, i.e. build is platform dependent!
2017-02-28 11:04:46,678 [Worker-40] INFO  o.e.m.c.i.embedder.EclipseLogger - Copying 0 resource
2017-02-28 11:04:46,680 [Worker-40] WARN  o.e.m.c.i.embedder.EclipseLogger - Using platform encoding (UTF-8 actually) to copy filtered resources, i.e. build is platform dependent!
2017-02-28 11:04:46,681 [Worker-40] INFO  o.e.m.c.i.embedder.EclipseLogger - Copying 0 resource
2017-02-28 11:04:58,003 [Worker-31] WARN  o.e.m.c.i.embedder.EclipseLogger - Using platform encoding (UTF-8 actually) to copy filtered resources, i.e. build is platform dependent!
2017-02-28 11:04:58,003 [Worker-31] INFO  o.e.m.c.i.embedder.EclipseLogger - skip non existing resourceDirectory /Volumes/MacintoshHDExt/ari.aula/ifpb.pod/workspace/ag.pod.helloworld/src/main/resources
2017-02-28 11:04:58,005 [Worker-31] WARN  o.e.m.c.i.embedder.EclipseLogger - Using platform encoding (UTF-8 actually) to copy filtered resources, i.e. build is platform dependent!
2017-02-28 11:04:58,006 [Worker-31] INFO  o.e.m.c.i.embedder.EclipseLogger - skip non existing resourceDirectory /Volumes/MacintoshHDExt/ari.aula/ifpb.pod/workspace/ag.pod.helloworld/src/test/resources
2017-02-28 11:05:09,391 [Worker-41] WARN  o.e.m.c.i.embedder.EclipseLogger - Using platform encoding (UTF-8 actually) to copy filtered resources, i.e. build is platform dependent!
2017-02-28 11:05:09,391 [Worker-41] INFO  o.e.m.c.i.embedder.EclipseLogger - skip non existing resourceDirectory /Volumes/MacintoshHDExt/ari.aula/ifpb.pod/workspace/ag.pod.helloworld/src/main/resources
2017-02-28 11:05:09,392 [Worker-41] WARN  o.e.m.c.i.embedder.EclipseLogger - Using platform encoding (UTF-8 actually) to copy filtered resources, i.e. build is platform dependent!
2017-02-28 11:05:09,393 [Worker-41] INFO  o.e.m.c.i.embedder.EclipseLogger - skip non existing resourceDirectory /Volumes/MacintoshHDExt/ari.aula/ifpb.pod/workspace/ag.pod.helloworld/src/test/resources
2017-02-28 11:05:36,906 [Worker-27] WARN  o.e.m.c.i.embedder.EclipseLogger - Using platform encoding (UTF-8 actually) to copy filtered resources, i.e. build is platform dependent!
2017-02-28 11:05:36,907 [Worker-27] INFO  o.e.m.c.i.embedder.EclipseLogger - skip non existing resourceDirectory /Volumes/MacintoshHDExt/ari.aula/ifpb.pod/workspace/ag.pod.helloworld/src/main/resources
2017-02-28 11:05:36,908 [Worker-27] WARN  o.e.m.c.i.embedder.EclipseLogger - Using platform encoding (UTF-8 actually) to copy filtered resources, i.e. build is platform dependent!
2017-02-28 11:05:36,911 [Worker-27] INFO  o.e.m.c.i.embedder.EclipseLogger - skip non existing resourceDirectory /Volumes/MacintoshHDExt/ari.aula/ifpb.pod/workspace/ag.pod.helloworld/src/test/resources
2017-02-28 11:10:12,629 [Worker-31] INFO  o.e.m.c.i.l.LifecycleMappingFactory - Using org.eclipse.m2e.jdt.JarLifecycleMapping lifecycle mapping for MavenProject: ag-node:ag.pod.helloworld:0.0.1-SNAPSHOT @ /Volumes/MacintoshHDExt/ari.aula/ifpb.pod/workspace/ag.pod.helloworld/pom.xml.
2017-02-28 11:10:12,793 [Worker-31] WARN  o.e.m.c.i.embedder.EclipseLogger - Using platform encoding (UTF-8 actually) to copy filtered resources, i.e. build is platform dependent!
2017-02-28 11:10:12,798 [Worker-31] INFO  o.e.m.c.i.embedder.EclipseLogger - skip non existing resourceDirectory /Volumes/MacintoshHDExt/ari.aula/ifpb.pod/workspace/ag.pod.helloworld/src/main/resources
2017-02-28 11:10:12,800 [Worker-31] WARN  o.e.m.c.i.embedder.EclipseLogger - Using platform encoding (UTF-8 actually) to copy filtered resources, i.e. build is platform dependent!
2017-02-28 11:10:12,801 [Worker-31] INFO  o.e.m.c.i.embedder.EclipseLogger - skip non existing resourceDirectory /Volumes/MacintoshHDExt/ari.aula/ifpb.pod/workspace/ag.pod.helloworld/src/test/resources
2017-02-28 11:12:05,168 [Worker-31] INFO  o.e.m.c.i.l.LifecycleMappingFactory - Using org.eclipse.m2e.jdt.JarLifecycleMapping lifecycle mapping for MavenProject: ag-node:ag.pod.helloworld:0.0.1-SNAPSHOT @ /Volumes/MacintoshHDExt/ari.aula/ifpb.pod/workspace/ag.pod.helloworld/pom.xml.
2017-02-28 11:12:05,304 [Worker-31] WARN  o.e.m.c.i.embedder.EclipseLogger - Using platform encoding (UTF-8 actually) to copy filtered resources, i.e. build is platform dependent!
2017-02-28 11:12:05,305 [Worker-31] INFO  o.e.m.c.i.embedder.EclipseLogger - skip non existing resourceDirectory /Volumes/MacintoshHDExt/ari.aula/ifpb.pod/workspace/ag.pod.helloworld/src/main/resources
2017-02-28 11:12:05,307 [Worker-31] WARN  o.e.m.c.i.embedder.EclipseLogger - Using platform encoding (UTF-8 actually) to copy filtered resources, i.e. build is platform dependent!
2017-02-28 11:12:05,308 [Worker-31] INFO  o.e.m.c.i.embedder.EclipseLogger - skip non existing resourceDirectory /Volumes/MacintoshHDExt/ari.aula/ifpb.pod/workspace/ag.pod.helloworld/src/test/resources
2017-02-28 11:13:07,495 [Worker-31] WARN  o.e.m.c.i.embedder.EclipseLogger - Using platform encoding (UTF-8 actually) to copy filtered resources, i.e. build is platform dependent!
2017-02-28 11:13:07,498 [Worker-31] INFO  o.e.m.c.i.embedder.EclipseLogger - skip non existing resourceDirectory /Volumes/MacintoshHDExt/ari.aula/ifpb.pod/workspace/ag.pod.helloworld/src/main/resources
2017-02-28 11:13:07,499 [Worker-31] WARN  o.e.m.c.i.embedder.EclipseLogger - Using platform encoding (UTF-8 actually) to copy filtered resources, i.e. build is platform dependent!
2017-02-28 11:13:07,500 [Worker-31] INFO  o.e.m.c.i.embedder.EclipseLogger - skip non existing resourceDirectory /Volumes/MacintoshHDExt/ari.aula/ifpb.pod/workspace/ag.pod.helloworld/src/test/resources
2017-02-28 11:17:59,799 [Worker-47] WARN  o.e.m.c.i.embedder.EclipseLogger - Using platform encoding (UTF-8 actually) to copy filtered resources, i.e. build is platform dependent!
2017-02-28 11:17:59,801 [Worker-47] INFO  o.e.m.c.i.embedder.EclipseLogger - skip non existing resourceDirectory /Volumes/MacintoshHDExt/ari.aula/ifpb.pod/workspace/ag.pod.helloworld/src/main/resources
2017-02-28 11:17:59,802 [Worker-47] WARN  o.e.m.c.i.embedder.EclipseLogger - Using platform encoding (UTF-8 actually) to copy filtered resources, i.e. build is platform dependent!
2017-02-28 11:17:59,803 [Worker-47] INFO  o.e.m.c.i.embedder.EclipseLogger - skip non existing resourceDirectory /Volumes/MacintoshHDExt/ari.aula/ifpb.pod/workspace/ag.pod.helloworld/src/test/resources
2017-02-28 11:18:28,969 [Worker-46] WARN  o.e.m.c.i.embedder.EclipseLogger - Using platform encoding (UTF-8 actually) to copy filtered resources, i.e. build is platform dependent!
2017-02-28 11:18:28,970 [Worker-46] INFO  o.e.m.c.i.embedder.EclipseLogger - skip non existing resourceDirectory /Volumes/MacintoshHDExt/ari.aula/ifpb.pod/workspace/ag.pod.helloworld/src/main/resources
2017-02-28 11:18:28,972 [Worker-46] WARN  o.e.m.c.i.embedder.EclipseLogger - Using platform encoding (UTF-8 actually) to copy filtered resources, i.e. build is platform dependent!
2017-02-28 11:18:28,973 [Worker-46] INFO  o.e.m.c.i.embedder.EclipseLogger - skip non existing resourceDirectory /Volumes/MacintoshHDExt/ari.aula/ifpb.pod/workspace/ag.pod.helloworld/src/test/resources
2017-02-28 11:20:14,666 [Worker-47] INFO  o.e.m.c.i.l.LifecycleMappingFactory - Using org.eclipse.m2e.jdt.JarLifecycleMapping lifecycle mapping for MavenProject: ag-node:ag.pod.helloworld:0.0.1-SNAPSHOT @ /Volumes/MacintoshHDExt/ari.aula/ifpb.pod/workspace/ag.pod.helloworld/pom.xml.
2017-02-28 11:20:14,837 [Worker-47] WARN  o.e.m.c.i.embedder.EclipseLogger - Using platform encoding (UTF-8 actually) to copy filtered resources, i.e. build is platform dependent!
2017-02-28 11:20:14,838 [Worker-47] INFO  o.e.m.c.i.embedder.EclipseLogger - skip non existing resourceDirectory /Volumes/MacintoshHDExt/ari.aula/ifpb.pod/workspace/ag.pod.helloworld/src/main/resources
2017-02-28 11:20:14,841 [Worker-47] WARN  o.e.m.c.i.embedder.EclipseLogger - Using platform encoding (UTF-8 actually) to copy filtered resources, i.e. build is platform dependent!
2017-02-28 11:20:14,842 [Worker-47] INFO  o.e.m.c.i.embedder.EclipseLogger - skip non existing resourceDirectory /Volumes/MacintoshHDExt/ari.aula/ifpb.pod/workspace/ag.pod.helloworld/src/test/resources
2017-02-28 11:20:23,171 [Worker-31] INFO  o.e.m.c.i.l.LifecycleMappingFactory - Using org.eclipse.m2e.jdt.JarLifecycleMapping lifecycle mapping for MavenProject: ag-node:ag.pod.helloworld:0.0.1-SNAPSHOT @ /Volumes/MacintoshHDExt/ari.aula/ifpb.pod/workspace/ag.pod.helloworld/pom.xml.
2017-02-28 11:20:23,306 [Worker-31] WARN  o.e.m.c.i.embedder.EclipseLogger - Using platform encoding (UTF-8 actually) to copy filtered resources, i.e. build is platform dependent!
2017-02-28 11:20:23,307 [Worker-31] INFO  o.e.m.c.i.embedder.EclipseLogger - skip non existing resourceDirectory /Volumes/MacintoshHDExt/ari.aula/ifpb.pod/workspace/ag.pod.helloworld/src/main/resources
2017-02-28 11:20:23,309 [Worker-31] WARN  o.e.m.c.i.embedder.EclipseLogger - Using platform encoding (UTF-8 actually) to copy filtered resources, i.e. build is platform dependent!
2017-02-28 11:20:23,309 [Worker-31] INFO  o.e.m.c.i.embedder.EclipseLogger - skip non existing resourceDirectory /Volumes/MacintoshHDExt/ari.aula/ifpb.pod/workspace/ag.pod.helloworld/src/test/resources
2017-02-28 11:21:36,695 [Worker-45] WARN  o.e.m.c.i.embedder.EclipseLogger - Using platform encoding (UTF-8 actually) to copy filtered resources, i.e. build is platform dependent!
2017-02-28 11:21:36,697 [Worker-45] INFO  o.e.m.c.i.embedder.EclipseLogger - skip non existing resourceDirectory /Volumes/MacintoshHDExt/ari.aula/ifpb.pod/workspace/ag.pod.helloworld/src/main/resources
2017-02-28 11:21:36,698 [Worker-45] WARN  o.e.m.c.i.embedder.EclipseLogger - Using platform encoding (UTF-8 actually) to copy filtered resources, i.e. build is platform dependent!
2017-02-28 11:21:36,699 [Worker-45] INFO  o.e.m.c.i.embedder.EclipseLogger - skip non existing resourceDirectory /Volumes/MacintoshHDExt/ari.aula/ifpb.pod/workspace/ag.pod.helloworld/src/test/resources
2017-02-28 11:21:37,710 [Worker-31] WARN  o.e.m.c.i.embedder.EclipseLogger - Using platform encoding (UTF-8 actually) to copy filtered resources, i.e. build is platform dependent!
2017-02-28 11:21:37,711 [Worker-31] INFO  o.e.m.c.i.embedder.EclipseLogger - skip non existing resourceDirectory /Volumes/MacintoshHDExt/ari.aula/ifpb.pod/workspace/ag.pod.helloworld/src/main/resources
2017-02-28 11:21:37,712 [Worker-31] WARN  o.e.m.c.i.embedder.EclipseLogger - Using platform encoding (UTF-8 actually) to copy filtered resources, i.e. build is platform dependent!
2017-02-28 11:21:37,712 [Worker-31] INFO  o.e.m.c.i.embedder.EclipseLogger - skip non existing resourceDirectory /Volumes/MacintoshHDExt/ari.aula/ifpb.pod/workspace/ag.pod.helloworld/src/test/resources
2017-02-28 11:22:36,700 [Worker-47] WARN  o.e.m.c.i.embedder.EclipseLogger - Using platform encoding (UTF-8 actually) to copy filtered resources, i.e. build is platform dependent!
2017-02-28 11:22:36,701 [Worker-47] INFO  o.e.m.c.i.embedder.EclipseLogger - skip non existing resourceDirectory /Volumes/MacintoshHDExt/ari.aula/ifpb.pod/workspace/ag.pod.helloworld/src/main/resources
2017-02-28 11:22:36,703 [Worker-47] WARN  o.e.m.c.i.embedder.EclipseLogger - Using platform encoding (UTF-8 actually) to copy filtered resources, i.e. build is platform dependent!
2017-02-28 11:22:36,704 [Worker-47] INFO  o.e.m.c.i.embedder.EclipseLogger - skip non existing resourceDirectory /Volumes/MacintoshHDExt/ari.aula/ifpb.pod/workspace/ag.pod.helloworld/src/test/resources
2017-02-28 11:24:51,124 [Worker-44] WARN  o.e.m.c.i.embedder.EclipseLogger - Using platform encoding (UTF-8 actually) to copy filtered resources, i.e. build is platform dependent!
2017-02-28 11:24:51,126 [Worker-44] INFO  o.e.m.c.i.embedder.EclipseLogger - skip non existing resourceDirectory /Volumes/MacintoshHDExt/ari.aula/ifpb.pod/workspace/ag.pod.helloworld/src/main/resources
2017-02-28 11:24:51,128 [Worker-44] WARN  o.e.m.c.i.embedder.EclipseLogger - Using platform encoding (UTF-8 actually) to copy filtered resources, i.e. build is platform dependent!
2017-02-28 11:24:51,128 [Worker-44] INFO  o.e.m.c.i.embedder.EclipseLogger - skip non existing resourceDirectory /Volumes/MacintoshHDExt/ari.aula/ifpb.pod/workspace/ag.pod.helloworld/src/test/resources
2017-02-28 11:50:05,129 [Worker-60] WARN  o.e.m.c.i.embedder.EclipseLogger - Using platform encoding (UTF-8 actually) to copy filtered resources, i.e. build is platform dependent!
2017-02-28 11:50:05,131 [Worker-60] INFO  o.e.m.c.i.embedder.EclipseLogger - skip non existing resourceDirectory /Volumes/MacintoshHDExt/ari.aula/ifpb.pod/workspace/ag.pod.helloworld/src/main/resources
2017-02-28 11:50:05,133 [Worker-60] WARN  o.e.m.c.i.embedder.EclipseLogger - Using platform encoding (UTF-8 actually) to copy filtered resources, i.e. build is platform dependent!
2017-02-28 11:50:05,133 [Worker-60] INFO  o.e.m.c.i.embedder.EclipseLogger - skip non existing resourceDirectory /Volumes/MacintoshHDExt/ari.aula/ifpb.pod/workspace/ag.pod.helloworld/src/test/resources
2017-02-28 11:52:26,719 [Worker-60] WARN  o.e.m.c.i.embedder.EclipseLogger - Using platform encoding (UTF-8 actually) to copy filtered resources, i.e. build is platform dependent!
2017-02-28 11:52:26,726 [Worker-60] INFO  o.e.m.c.i.embedder.EclipseLogger - skip non existing resourceDirectory /Volumes/MacintoshHDExt/ari.aula/ifpb.pod/workspace/ag.pod.helloworld/src/main/resources
2017-02-28 11:52:26,728 [Worker-60] WARN  o.e.m.c.i.embedder.EclipseLogger - Using platform encoding (UTF-8 actually) to copy filtered resources, i.e. build is platform dependent!
2017-02-28 11:52:26,729 [Worker-60] INFO  o.e.m.c.i.embedder.EclipseLogger - skip non existing resourceDirectory /Volumes/MacintoshHDExt/ari.aula/ifpb.pod/workspace/ag.pod.helloworld/src/test/resources
2017-02-28 12:17:42,556 [Worker-67] WARN  o.e.m.c.i.embedder.EclipseLogger - Using platform encoding (UTF-8 actually) to copy filtered resources, i.e. build is platform dependent!
2017-02-28 12:17:42,559 [Worker-67] INFO  o.e.m.c.i.embedder.EclipseLogger - skip non existing resourceDirectory /Volumes/MacintoshHDExt/ari.aula/ifpb.pod/workspace/ag.pod.helloworld/src/main/resources
2017-02-28 12:17:42,561 [Worker-67] WARN  o.e.m.c.i.embedder.EclipseLogger - Using platform encoding (UTF-8 actually) to copy filtered resources, i.e. build is platform dependent!
2017-02-28 12:17:42,562 [Worker-67] INFO  o.e.m.c.i.embedder.EclipseLogger - skip non existing resourceDirectory /Volumes/MacintoshHDExt/ari.aula/ifpb.pod/workspace/ag.pod.helloworld/src/test/resources
2017-02-28 12:27:43,675 [Worker-72] WARN  o.e.m.c.i.embedder.EclipseLogger - Using platform encoding (UTF-8 actually) to copy filtered resources, i.e. build is platform dependent!
2017-02-28 12:27:43,677 [Worker-72] INFO  o.e.m.c.i.embedder.EclipseLogger - skip non existing resourceDirectory /Volumes/MacintoshHDExt/ari.aula/ifpb.pod/workspace/ag.pod.helloworld/src/main/resources
2017-02-28 12:27:43,678 [Worker-72] WARN  o.e.m.c.i.embedder.EclipseLogger - Using platform encoding (UTF-8 actually) to copy filtered resources, i.e. build is platform dependent!
2017-02-28 12:27:43,679 [Worker-72] INFO  o.e.m.c.i.embedder.EclipseLogger - skip non existing resourceDirectory /Volumes/MacintoshHDExt/ari.aula/ifpb.pod/workspace/ag.pod.helloworld/src/test/resources
2017-02-28 12:28:15,352 [Worker-76] WARN  o.e.m.c.i.embedder.EclipseLogger - Using platform encoding (UTF-8 actually) to copy filtered resources, i.e. build is platform dependent!
2017-02-28 12:28:15,353 [Worker-76] INFO  o.e.m.c.i.embedder.EclipseLogger - skip non existing resourceDirectory /Volumes/MacintoshHDExt/ari.aula/ifpb.pod/workspace/ag.pod.helloworld/src/main/resources
2017-02-28 12:28:15,355 [Worker-76] WARN  o.e.m.c.i.embedder.EclipseLogger - Using platform encoding (UTF-8 actually) to copy filtered resources, i.e. build is platform dependent!
2017-02-28 12:28:15,356 [Worker-76] INFO  o.e.m.c.i.embedder.EclipseLogger - skip non existing resourceDirectory /Volumes/MacintoshHDExt/ari.aula/ifpb.pod/workspace/ag.pod.helloworld/src/test/resources
2017-02-28 15:06:17,318 [Worker-114] WARN  o.e.m.c.i.embedder.EclipseLogger - Using platform encoding (UTF-8 actually) to copy filtered resources, i.e. build is platform dependent!
2017-02-28 15:06:17,334 [Worker-114] INFO  o.e.m.c.i.embedder.EclipseLogger - skip non existing resourceDirectory /Volumes/MacintoshHDExt/ari.aula/ifpb.pod/workspace/ag.pod.helloworld/src/main/resources
2017-02-28 15:06:17,339 [Worker-114] WARN  o.e.m.c.i.embedder.EclipseLogger - Using platform encoding (UTF-8 actually) to copy filtered resources, i.e. build is platform dependent!
2017-02-28 15:06:17,340 [Worker-114] INFO  o.e.m.c.i.embedder.EclipseLogger - skip non existing resourceDirectory /Volumes/MacintoshHDExt/ari.aula/ifpb.pod/workspace/ag.pod.helloworld/src/test/resources
2017-02-28 15:37:06,971 [Worker-115] WARN  o.e.m.c.i.embedder.EclipseLogger - Using platform encoding (UTF-8 actually) to copy filtered resources, i.e. build is platform dependent!
2017-02-28 15:37:06,976 [Worker-115] INFO  o.e.m.c.i.embedder.EclipseLogger - skip non existing resourceDirectory /Volumes/MacintoshHDExt/ari.aula/ifpb.pod/workspace/ag.pod.helloworld/src/main/resources
2017-02-28 15:37:06,982 [Worker-115] WARN  o.e.m.c.i.embedder.EclipseLogger - Using platform encoding (UTF-8 actually) to copy filtered resources, i.e. build is platform dependent!
2017-02-28 15:37:06,984 [Worker-115] INFO  o.e.m.c.i.embedder.EclipseLogger - skip non existing resourceDirectory /Volumes/MacintoshHDExt/ari.aula/ifpb.pod/workspace/ag.pod.helloworld/src/test/resources
2017-02-28 15:38:12,299 [Worker-124] WARN  o.e.m.c.i.embedder.EclipseLogger - Using platform encoding (UTF-8 actually) to copy filtered resources, i.e. build is platform dependent!
2017-02-28 15:38:12,303 [Worker-124] INFO  o.e.m.c.i.embedder.EclipseLogger - skip non existing resourceDirectory /Volumes/MacintoshHDExt/ari.aula/ifpb.pod/workspace/ag.pod.helloworld/src/main/resources
2017-02-28 15:38:12,307 [Worker-124] WARN  o.e.m.c.i.embedder.EclipseLogger - Using platform encoding (UTF-8 actually) to copy filtered resources, i.e. build is platform dependent!
2017-02-28 15:38:12,307 [Worker-124] INFO  o.e.m.c.i.embedder.EclipseLogger - skip non existing resourceDirectory /Volumes/MacintoshHDExt/ari.aula/ifpb.pod/workspace/ag.pod.helloworld/src/test/resources
2017-02-28 15:38:42,827 [Worker-123] WARN  o.e.m.c.i.embedder.EclipseLogger - Using platform encoding (UTF-8 actually) to copy filtered resources, i.e. build is platform dependent!
2017-02-28 15:38:42,829 [Worker-123] INFO  o.e.m.c.i.embedder.EclipseLogger - skip non existing resourceDirectory /Volumes/MacintoshHDExt/ari.aula/ifpb.pod/workspace/ag.pod.helloworld/src/main/resources
2017-02-28 15:38:42,830 [Worker-123] WARN  o.e.m.c.i.embedder.EclipseLogger - Using platform encoding (UTF-8 actually) to copy filtered resources, i.e. build is platform dependent!
2017-02-28 15:38:42,831 [Worker-123] INFO  o.e.m.c.i.embedder.EclipseLogger - skip non existing resourceDirectory /Volumes/MacintoshHDExt/ari.aula/ifpb.pod/workspace/ag.pod.helloworld/src/test/resources
2017-02-28 15:39:28,316 [Worker-115] WARN  o.e.m.c.i.embedder.EclipseLogger - Using platform encoding (UTF-8 actually) to copy filtered resources, i.e. build is platform dependent!
2017-02-28 15:39:28,321 [Worker-115] INFO  o.e.m.c.i.embedder.EclipseLogger - skip non existing resourceDirectory /Volumes/MacintoshHDExt/ari.aula/ifpb.pod/workspace/ag.pod.helloworld/src/main/resources
2017-02-28 15:39:28,323 [Worker-115] WARN  o.e.m.c.i.embedder.EclipseLogger - Using platform encoding (UTF-8 actually) to copy filtered resources, i.e. build is platform dependent!
2017-02-28 15:39:28,324 [Worker-115] INFO  o.e.m.c.i.embedder.EclipseLogger - skip non existing resourceDirectory /Volumes/MacintoshHDExt/ari.aula/ifpb.pod/workspace/ag.pod.helloworld/src/test/resources
2017-02-28 15:46:00,304 [Worker-119] WARN  o.e.m.c.i.embedder.EclipseLogger - Using platform encoding (UTF-8 actually) to copy filtered resources, i.e. build is platform dependent!
2017-02-28 15:46:00,308 [Worker-119] INFO  o.e.m.c.i.embedder.EclipseLogger - skip non existing resourceDirectory /Volumes/MacintoshHDExt/ari.aula/ifpb.pod/workspace/ag.pod.helloworld/src/main/resources
2017-02-28 15:46:00,312 [Worker-119] WARN  o.e.m.c.i.embedder.EclipseLogger - Using platform encoding (UTF-8 actually) to copy filtered resources, i.e. build is platform dependent!
2017-02-28 15:46:00,312 [Worker-119] INFO  o.e.m.c.i.embedder.EclipseLogger - skip non existing resourceDirectory /Volumes/MacintoshHDExt/ari.aula/ifpb.pod/workspace/ag.pod.helloworld/src/test/resources
2017-02-28 15:58:20,797 [Worker-135] WARN  o.e.m.c.i.embedder.EclipseLogger - Using platform encoding (UTF-8 actually) to copy filtered resources, i.e. build is platform dependent!
2017-02-28 15:58:20,799 [Worker-135] INFO  o.e.m.c.i.embedder.EclipseLogger - skip non existing resourceDirectory /Volumes/MacintoshHDExt/ari.aula/ifpb.pod/workspace/ag.pod.helloworld/src/main/resources
2017-02-28 15:58:20,800 [Worker-135] WARN  o.e.m.c.i.embedder.EclipseLogger - Using platform encoding (UTF-8 actually) to copy filtered resources, i.e. build is platform dependent!
2017-02-28 15:58:20,801 [Worker-135] INFO  o.e.m.c.i.embedder.EclipseLogger - skip non existing resourceDirectory /Volumes/MacintoshHDExt/ari.aula/ifpb.pod/workspace/ag.pod.helloworld/src/test/resources
2017-02-28 16:14:14,573 [Worker-137] WARN  o.e.m.c.i.embedder.EclipseLogger - Using platform encoding (UTF-8 actually) to copy filtered resources, i.e. build is platform dependent!
2017-02-28 16:14:14,584 [Worker-137] INFO  o.e.m.c.i.embedder.EclipseLogger - skip non existing resourceDirectory /Volumes/MacintoshHDExt/ari.aula/ifpb.pod/workspace/ag.pod.helloworld/src/main/resources
2017-02-28 16:14:14,603 [Worker-137] WARN  o.e.m.c.i.embedder.EclipseLogger - Using platform encoding (UTF-8 actually) to copy filtered resources, i.e. build is platform dependent!
2017-02-28 16:14:14,604 [Worker-137] INFO  o.e.m.c.i.embedder.EclipseLogger - skip non existing resourceDirectory /Volumes/MacintoshHDExt/ari.aula/ifpb.pod/workspace/ag.pod.helloworld/src/test/resources
2017-02-28 19:15:55,423 [Worker-177] WARN  o.e.m.c.i.embedder.EclipseLogger - Using platform encoding (UTF-8 actually) to copy filtered resources, i.e. build is platform dependent!
2017-02-28 19:15:55,428 [Worker-177] INFO  o.e.m.c.i.embedder.EclipseLogger - skip non existing resourceDirectory /Volumes/MacintoshHDExt/ari.aula/ifpb.pod/workspace/ag.pod.helloworld/src/main/resources
2017-02-28 19:15:55,429 [Worker-177] WARN  o.e.m.c.i.embedder.EclipseLogger - Using platform encoding (UTF-8 actually) to copy filtered resources, i.e. build is platform dependent!
2017-02-28 19:15:55,430 [Worker-177] INFO  o.e.m.c.i.embedder.EclipseLogger - skip non existing resourceDirectory /Volumes/MacintoshHDExt/ari.aula/ifpb.pod/workspace/ag.pod.helloworld/src/test/resources
2017-03-09 07:37:13,296 [Takari usage stats reporter] INFO  i.t.s.m.i.UsageStatsActivator - Reporting usage stats url=https://stats.takari.io/stats, body={"java.version":"1.8.0_91","java.vendor":"Oracle Corporation","os.name":"Mac OS X","os.arch":"x86_64","os.version":"10.10.5","eclipse.product":"org.eclipse.epp.package.jee.product","eclipse.buildId":"4.5.2.M20160212-1500","projectCount":1,"bundles":[{"symbolicName":"org.eclipse.osgi","version":"3.10.102.v20160118-1700"},{"symbolicName":"io.takari.stats.m2e","version":"0.1.0.201506181201"},{"symbolicName":"org.eclipse.m2e.core","version":"1.7.0.20160603-1933"}],"mavenPlugins":{"org.apache.maven.plugins:maven-assembly-plugin:3.0.0:single":[],"org.apache.maven.plugins:maven-clean-plugin:2.5:clean":[],"org.apache.maven.plugins:maven-compiler-plugin:3.1:compile":["configurator"],"org.apache.maven.plugins:maven-compiler-plugin:3.1:testCompile":["configurator"],"org.apache.maven.plugins:maven-deploy-plugin:2.7:deploy":[],"org.apache.maven.plugins:maven-install-plugin:2.4:install":[],"org.apache.maven.plugins:maven-jar-plugin:2.4:jar":["configurator"],"org.apache.maven.plugins:maven-resources-plugin:2.6:resources":["execute"],"org.apache.maven.plugins:maven-resources-plugin:2.6:testResources":["execute"],"org.apache.maven.plugins:maven-site-plugin:3.3:site":[],"org.apache.maven.plugins:maven-surefire-plugin:2.12.4:test":[]}}
